{"numTotalTestSuites":12,"numPassedTestSuites":9,"numFailedTestSuites":3,"numPendingTestSuites":0,"numTotalTests":15,"numPassedTests":14,"numFailedTests":1,"numPendingTests":0,"numTodoTests":0,"snapshot":{"added":0,"failure":false,"filesAdded":0,"filesRemoved":0,"filesRemovedList":[],"filesUnmatched":0,"filesUpdated":0,"matched":0,"total":0,"unchecked":0,"uncheckedKeysByFile":[],"unmatched":0,"updated":0,"didUpdate":false},"startTime":1763274063097,"success":false,"testResults":[{"assertionResults":[{"ancestorTitles":["Auth Utils","Password Utils"],"fullName":"Auth Utils Password Utils should validate password strength correctly","status":"passed","title":"should validate password strength correctly","duration":2.314416999999821,"failureMessages":[],"location":{"line":7,"column":5},"meta":{}},{"ancestorTitles":["Auth Utils","Password Utils"],"fullName":"Auth Utils Password Utils should generate random password","status":"passed","title":"should generate random password","duration":0.8198330000000169,"failureMessages":[],"location":{"line":22,"column":5},"meta":{}},{"ancestorTitles":["Auth Utils","Password Utils"],"fullName":"Auth Utils Password Utils should hash and verify passwords correctly","status":"passed","title":"should hash and verify passwords correctly","duration":848.4601659999998,"failureMessages":[],"location":{"line":31,"column":5},"meta":{}},{"ancestorTitles":["Auth Utils","JWT Utils"],"fullName":"Auth Utils JWT Utils should generate and verify tokens","status":"passed","title":"should generate and verify tokens","duration":2.469416999999794,"failureMessages":[],"location":{"line":53,"column":5},"meta":{}},{"ancestorTitles":["Auth Utils","JWT Utils"],"fullName":"Auth Utils JWT Utils should reject invalid tokens","status":"passed","title":"should reject invalid tokens","duration":0.3919159999998101,"failureMessages":[],"location":{"line":67,"column":5},"meta":{}},{"ancestorTitles":["Authentication Acceptance Criteria","AC1: User login with correct credentials"],"fullName":"Authentication Acceptance Criteria AC1: User login with correct credentials should have password validation utility","status":"passed","title":"should have password validation utility","duration":0.0834580000000642,"failureMessages":[],"location":{"line":81,"column":5},"meta":{}},{"ancestorTitles":["Authentication Acceptance Criteria","AC1: User login with correct credentials"],"fullName":"Authentication Acceptance Criteria AC1: User login with correct credentials should have JWT token management","status":"passed","title":"should have JWT token management","duration":0.490833000000066,"failureMessages":[],"location":{"line":86,"column":5},"meta":{}},{"ancestorTitles":["Authentication Acceptance Criteria","AC2: Secure password hashing"],"fullName":"Authentication Acceptance Criteria AC2: Secure password hashing should hash passwords with bcrypt","status":"passed","title":"should hash passwords with bcrypt","duration":273.92329199999995,"failureMessages":[],"location":{"line":94,"column":5},"meta":{}},{"ancestorTitles":["Authentication Acceptance Criteria","AC2: Secure password hashing"],"fullName":"Authentication Acceptance Criteria AC2: Secure password hashing should verify password hashes correctly","status":"passed","title":"should verify password hashes correctly","duration":824.6690840000001,"failureMessages":[],"location":{"line":102,"column":5},"meta":{}},{"ancestorTitles":["Authentication Acceptance Criteria","AC3: Session management with JWT"],"fullName":"Authentication Acceptance Criteria AC3: Session management with JWT should generate token pairs with expiration","status":"passed","title":"should generate token pairs with expiration","duration":0.5769999999997708,"failureMessages":[],"location":{"line":114,"column":5},"meta":{}},{"ancestorTitles":["Authentication Acceptance Criteria","AC4: Persistent login state"],"fullName":"Authentication Acceptance Criteria AC4: Persistent login state should have token verification utilities","status":"passed","title":"should have token verification utilities","duration":0.4357499999996435,"failureMessages":[],"location":{"line":125,"column":5},"meta":{}},{"ancestorTitles":["Authentication Acceptance Criteria","AC5: Error handling"],"fullName":"Authentication Acceptance Criteria AC5: Error handling should handle invalid JWT tokens gracefully","status":"passed","title":"should handle invalid JWT tokens gracefully","duration":0.13162499999998545,"failureMessages":[],"location":{"line":136,"column":5},"meta":{}},{"ancestorTitles":["Authentication Acceptance Criteria","AC7: Security measures"],"fullName":"Authentication Acceptance Criteria AC7: Security measures should reject weak passwords","status":"passed","title":"should reject weak passwords","duration":0.09562499999992724,"failureMessages":[],"location":{"line":144,"column":5},"meta":{}},{"ancestorTitles":["Authentication Acceptance Criteria","AC7: Security measures"],"fullName":"Authentication Acceptance Criteria AC7: Security measures should generate secure random passwords","status":"failed","title":"should generate secure random passwords","duration":1.86974999999984,"failureMessages":["AssertionError: expected false to be true // Object.is equality\n    at /Users/houbin/code/youtong/youtong2/meeting/meeting-manage/tests/unit/auth.test.ts:160:70\n    at file:///Users/houbin/code/youtong/youtong2/meeting/meeting-manage/node_modules/@vitest/runner/dist/index.js:157:11\n    at file:///Users/houbin/code/youtong/youtong2/meeting/meeting-manage/node_modules/@vitest/runner/dist/index.js:753:26\n    at file:///Users/houbin/code/youtong/youtong2/meeting/meeting-manage/node_modules/@vitest/runner/dist/index.js:1636:20\n    at new Promise (<anonymous>)\n    at runWithTimeout (file:///Users/houbin/code/youtong/youtong2/meeting/meeting-manage/node_modules/@vitest/runner/dist/index.js:1602:10)\n    at runTest (file:///Users/houbin/code/youtong/youtong2/meeting/meeting-manage/node_modules/@vitest/runner/dist/index.js:1309:12)\n    at runSuite (file:///Users/houbin/code/youtong/youtong2/meeting/meeting-manage/node_modules/@vitest/runner/dist/index.js:1468:8)\n    at runSuite (file:///Users/houbin/code/youtong/youtong2/meeting/meeting-manage/node_modules/@vitest/runner/dist/index.js:1468:8)\n    at runSuite (file:///Users/houbin/code/youtong/youtong2/meeting/meeting-manage/node_modules/@vitest/runner/dist/index.js:1468:8)"],"location":{"line":153,"column":5},"meta":{}},{"ancestorTitles":["Authentication Acceptance Criteria","AC8: Role-based permissions"],"fullName":"Authentication Acceptance Criteria AC8: Role-based permissions should include role in JWT payload","status":"passed","title":"should include role in JWT payload","duration":0.42966599999999744,"failureMessages":[],"location":{"line":165,"column":5},"meta":{}}],"startTime":1763274063828,"endTime":1763274065786.4297,"status":"failed","message":"","name":"/Users/houbin/code/youtong/youtong2/meeting/meeting-manage/tests/unit/auth.test.ts"}]}